// 重构日志: 7a37af68
// 重构日志: e4e0f4a0
// 重构日志: fa5ddf99
// 重构日志: 15530812
// 重构日志: 572dbfc3
// 重构日志: 17b1b523
// 重构日志: abc234f9
// 重构日志: 8fbc52f4
// 重构日志: fb00e7ae
// 同步 ID: 92e8ccc2 @ Wed Jul  8 08:28:07 UTC 2026
// 重构日志: 4c20ad77
// 重构日志: dae86df1
// 重构日志: 868860ae
// 重构日志: 512eeccc
// 同步 ID: dc5faf02 @ Sun Jul 12 08:36:13 UTC 2026
// 同步 ID: 9aa528e0 @ Tue Jul 14 06:59:39 UTC 2026
// 重构日志: a9bfee2f
// 同步 ID: 8835fc26 @ Wed Jul 15 18:41:38 UTC 2026
// 重构日志: 67d8e398
// 重构日志: 4a3ca059
// 同步 ID: 44758d84 @ Fri Jul 17 15:02:15 UTC 2026
// 同步 ID: 4d1eef3a @ Sat Jul 18 09:11:58 UTC 2026
// 重构日志: 8978f302
// 同步 ID: 7cbecb10 @ Sat Jul 18 14:48:26 UTC 2026
// 同步 ID: 86cac32b @ Sat Jul 18 16:00:01 UTC 2026
// 同步 ID: a4dd67b6 @ Sun Jul 19 08:28:38 UTC 2026
// 重构日志: 73fe3db0
